<?xml version="1.0" encoding="UTF-8"?>
<!-- Generated by org.testng.reporters.JUnitReportReporter -->
<testsuite hostname="drucare-lap-06" failures="0" tests="1" name="testCases.TC002_Registering_patient" time="7.990" errors="0" timestamp="2025-02-03T17:50:00 IST" skipped="0">
  <testcase classname="testCases.TC002_Registering_patient" name="Creating_Firstname" time="7.990"/>
</testsuite> <!-- testCases.TC002_Registering_patient -->
